Binding on line 9: integer was declared as <type decl> integer in the library
Binding on line 11: integer was declared as <type decl> integer in the library
Binding on line 13: write was declared as <proc decl> write in the library
Binding on line 13: x was declared as <param decl> x on line 11
Binding on line 16: char was declared as <type decl> char in the library
Binding on line 18: write was declared as <proc decl> write in the library
Binding on line 18: x was declared as <param decl> x on line 16
Binding on line 21: char was declared as <type decl> char in the library
Binding on line 21: integer was declared as <type decl> integer in the library
Binding on line 23: writechar was declared as <proc decl> writechar on line 16
Binding on line 23: c was declared as <param decl> c on line 21
Type check param #1 on line 23: type Char vs type Char
Binding on line 23: writechar was declared as <proc decl> writechar on line 16
Type check param #1 on line 23: type Char vs type Char
Binding on line 23: writeint was declared as <proc decl> writeint on line 11
Binding on line 23: v was declared as <param decl> v on line 21
Type check param #1 on line 23: type Integer vs type Integer
Binding on line 23: writechar was declared as <proc decl> writechar on line 16
Binding on line 23: eol was declared as <const decl> eol in the library
Type check param #1 on line 23: type Char vs type Char
Binding on line 27: x was declared as <var decl> x on line 9
Type check := on line 27: type Integer vs type Integer
Binding on line 28: write was declared as <proc decl> write on line 21
Type check param #1 on line 28: type Char vs type Char
Binding on line 28: x was declared as <var decl> x on line 9
Type check param #2 on line 28: type Integer vs type Integer
